#! /usr/share/iverilog-0.9.7/bin/vvp
:ivl_version "0.9.7 " "(v0_9_6)";
:vpi_time_precision - 12;
:vpi_module "system";
:vpi_module "v2005_math";
:vpi_module "va_math";
S_0x1d11730 .scope module, "counter4bit_testbench" "counter4bit_testbench" 2 8;
 .timescale -9 -12;
v0x1d26650_0 .var "clk", 0 0;
v0x1d26720_0 .net "count_behavioral", 3 0, v0x1d25ff0_0; 1 drivers
v0x1d267a0_0 .net "count_rtl", 3 0, v0x1d264f0_0; 1 drivers
v0x1d26850_0 .var "enable", 0 0;
v0x1d26950_0 .var "reset", 0 0;
S_0x1d26140 .scope module, "rtl_counter" "counter_rtl" 2 15, 3 3, S_0x1d11730;
 .timescale -9 -12;
v0x1d262f0_0 .net "clock", 0 0, v0x1d26650_0; 1 drivers
v0x1d263c0_0 .var "count_next", 3 0;
v0x1d26440_0 .net "enable", 0 0, v0x1d26850_0; 1 drivers
v0x1d264f0_0 .var "res_rtl", 3 0;
v0x1d265a0_0 .net "reset", 0 0, v0x1d26950_0; 1 drivers
E_0x1d26230 .event posedge, v0x1cfe9a0_0;
E_0x1d262a0 .event edge, v0x1d264f0_0, v0x1d25f50_0, v0x1d26090_0;
S_0x1d11820 .scope module, "behavioral_counter" "four_bit_counter" 2 23, 4 3, S_0x1d11730;
 .timescale -9 -12;
v0x1cfe9a0_0 .alias "clock", 0 0, v0x1d262f0_0;
v0x1d25f50_0 .alias "enable", 0 0, v0x1d26440_0;
v0x1d25ff0_0 .var "res_behav", 3 0;
v0x1d26090_0 .alias "reset", 0 0, v0x1d265a0_0;
E_0x1ced040 .event posedge, v0x1d26090_0, v0x1cfe9a0_0;
    .scope S_0x1d26140;
T_0 ;
    %wait E_0x1d262a0;
    %load/v 8, v0x1d26440_0, 1;
    %load/v 9, v0x1d265a0_0, 1;
    %mov 10, 2, 1;
    %movi 11, 1, 1;
    %cmp/x 8, 10, 2;
    %jmp/1 T_0.0, 4;
    %movi 12, 1, 2;
    %cmp/x 8, 12, 2;
    %jmp/1 T_0.1, 4;
    %load/v 12, v0x1d264f0_0, 4;
    %set/v v0x1d263c0_0, 12, 4;
    %jmp T_0.3;
T_0.0 ;
    %set/v v0x1d263c0_0, 0, 4;
    %jmp T_0.3;
T_0.1 ;
    %ix/load 0, 1, 0;
    %load/vp0 8, v0x1d264f0_0, 4;
    %set/v v0x1d263c0_0, 8, 4;
    %jmp T_0.3;
T_0.3 ;
    %jmp T_0;
    .thread T_0, $push;
    .scope S_0x1d26140;
T_1 ;
    %wait E_0x1d26230;
    %load/v 8, v0x1d263c0_0, 4;
    %ix/load 0, 4, 0;
    %assign/v0 v0x1d264f0_0, 1000, 8;
    %jmp T_1;
    .thread T_1;
    .scope S_0x1d11820;
T_2 ;
    %wait E_0x1ced040;
    %load/v 8, v0x1d26090_0, 1;
    %jmp/0xz  T_2.0, 8;
    %ix/load 0, 4, 0;
    %assign/v0 v0x1d25ff0_0, 0, 0;
    %jmp T_2.1;
T_2.0 ;
    %load/v 8, v0x1d25f50_0, 1;
    %jmp/0xz  T_2.2, 8;
    %load/v 8, v0x1d25ff0_0, 4;
    %mov 12, 0, 28;
    %addi 8, 1, 32;
    %ix/load 0, 4, 0;
    %assign/v0 v0x1d25ff0_0, 0, 8;
T_2.2 ;
T_2.1 ;
    %jmp T_2;
    .thread T_2;
    .scope S_0x1d11730;
T_3 ;
    %delay 10000, 0;
    %load/v 8, v0x1d26650_0, 1;
    %inv 8, 1;
    %set/v v0x1d26650_0, 8, 1;
    %jmp T_3;
    .thread T_3;
    .scope S_0x1d11730;
T_4 ;
    %vpi_call 2 35 "$dumpfile", "dump.vcd";
    %vpi_call 2 36 "$dumpvars";
    %set/v v0x1d26650_0, 0, 1;
    %set/v v0x1d26950_0, 0, 1;
    %set/v v0x1d26850_0, 0, 1;
    %delay 15000, 0;
    %set/v v0x1d26950_0, 1, 1;
    %delay 20000, 0;
    %set/v v0x1d26950_0, 0, 1;
    %delay 30000, 0;
    %set/v v0x1d26850_0, 1, 1;
    %delay 200000, 0;
    %vpi_call 2 53 "$finish";
    %end;
    .thread T_4;
    .scope S_0x1d11730;
T_5 ;
    %wait E_0x1d26230;
    %load/v 8, v0x1d267a0_0, 4;
    %load/v 12, v0x1d26720_0, 4;
    %cmp/u 8, 12, 4;
    %inv 6, 1;
    %jmp/0xz  T_5.0, 6;
    %vpi_call 2 59 "$display", "Mismatch detected at time %t: RTL=%d, Behavioral=%d", $time, v0x1d267a0_0, v0x1d26720_0;
    %vpi_call 2 61 "$finish";
T_5.0 ;
    %jmp T_5;
    .thread T_5;
    .scope S_0x1d11730;
T_6 ;
    %vpi_call 2 66 "$monitor", "Time: %t, Reset: %b, Enable: %b, RTL_Count: %d, Behavioral_Count: %d", $time, v0x1d26950_0, v0x1d26850_0, v0x1d267a0_0, v0x1d26720_0;
    %end;
    .thread T_6;
# The file index is used to find the file name in the following table.
:file_names 5;
    "N/A";
    "<interactive>";
    "testbench.sv";
    "./counter_rtl.v";
    "./four_bit_counter.v";
